IRModule
  Globals
    @a kind=variable init=runtime-zero value=0
    @b kind=variable init=runtime-zero value=0
    @.Ltoyc.global_init_guard kind=internal-guard init=static value=0
  Functions
    func @seed() -> i32
      Blocks
        entry:
          %v8 = const 7
          ret %v8
    func @main() -> i32
      Blocks
        entry:
          call @.Ltoyc.global_init()
          %v9 = load.global @b
          ret %v9
    func @.Ltoyc.global_init() -> void
      Blocks
        entry:
          %v0 = load.global @.Ltoyc.global_init_guard
          %v1 = const 0
          %v2 = cmp.ne %v0, %v1
          condbr %v2, done, initialize
        initialize:
          %v3 = const 1
          store.global @.Ltoyc.global_init_guard, %v3
          %v4 = call @seed()
          store.global @a, %v4
          %v5 = load.global @a
          %v6 = const 1
          %v7 = add %v5, %v6
          store.global @b, %v7
          br done
        done:
          ret
